{
  "RSpec": {
    "coverage": {
      "/home/nanarama/repos/odin-facebook/app/models/user.rb": {
        "lines": [
          1,
          1,
          1,
          1,
          null,
          1,
          null,
          null,
          null,
          1,
          1,
          1,
          1,
          1,
          1,
          null,
          88,
          null,
          null,
          11,
          null,
          1,
          1,
          null,
          1,
          null,
          1,
          null,
          1,
          null,
          1,
          4,
          null,
          null,
          1,
          1,
          null,
          null,
          1,
          1,
          1,
          null,
          null,
          1,
          1,
          1,
          1,
          1,
          null,
          null,
          null,
          1,
          null,
          1,
          147,
          null,
          null,
          1,
          2,
          2,
          2,
          0,
          0,
          null,
          null,
          null
        ]
      },
      "/home/nanarama/repos/odin-facebook/app/models/application_record.rb": {
        "lines": [
          1,
          1,
          null
        ]
      },
      "/home/nanarama/repos/odin-facebook/app/models/concerns/orderable_by_timestamp.rb": {
        "lines": [
          1,
          1,
          null,
          1,
          42,
          94,
          4,
          4,
          null,
          null
        ]
      },
      "/home/nanarama/repos/odin-facebook/app/helpers/application_helper.rb": {
        "lines": [
          1,
          null
        ]
      },
      "/home/nanarama/repos/odin-facebook/app/helpers/comments_helper.rb": {
        "lines": [
          1,
          null
        ]
      },
      "/home/nanarama/repos/odin-facebook/app/helpers/friendships_helper.rb": {
        "lines": [
          1,
          null
        ]
      },
      "/home/nanarama/repos/odin-facebook/app/helpers/notifications_helper.rb": {
        "lines": [
          1,
          null
        ]
      },
      "/home/nanarama/repos/odin-facebook/app/helpers/posts_helper.rb": {
        "lines": [
          1,
          null
        ]
      },
      "/home/nanarama/repos/odin-facebook/app/helpers/profiles_helper.rb": {
        "lines": [
          1,
          null
        ]
      },
      "/home/nanarama/repos/odin-facebook/app/helpers/reactions_helper.rb": {
        "lines": [
          1,
          null
        ]
      },
      "/home/nanarama/repos/odin-facebook/app/helpers/users_helper.rb": {
        "lines": [
          1,
          null
        ]
      },
      "/home/nanarama/repos/odin-facebook/app/mailers/welcome_mailer.rb": {
        "lines": [
          1,
          1,
          null,
          1,
          152,
          152,
          152,
          null,
          null
        ]
      },
      "/home/nanarama/repos/odin-facebook/app/mailers/application_mailer.rb": {
        "lines": [
          1,
          1,
          1,
          null
        ]
      },
      "/home/nanarama/repos/odin-facebook/app/models/comment.rb": {
        "lines": [
          1,
          1,
          1,
          null,
          1,
          1,
          1,
          1,
          1,
          1,
          null,
          1,
          1,
          null,
          1,
          5,
          4,
          null,
          1,
          null,
          null,
          null
        ]
      },
      "/home/nanarama/repos/odin-facebook/app/models/concerns/orderable_by_popularity.rb": {
        "lines": [
          1,
          1,
          null,
          1,
          52,
          null,
          null
        ]
      },
      "/home/nanarama/repos/odin-facebook/app/models/post.rb": {
        "lines": [
          1,
          1,
          1,
          null,
          1,
          1,
          1,
          1,
          null
        ]
      },
      "/home/nanarama/repos/odin-facebook/app/models/friendship.rb": {
        "lines": [
          1,
          1,
          1,
          1,
          1,
          null,
          1,
          null,
          1,
          6,
          4,
          2,
          1,
          null,
          1,
          null,
          null,
          null,
          1,
          7,
          null,
          null,
          1,
          7,
          6,
          1,
          1,
          null,
          null,
          null,
          1,
          9,
          null,
          null,
          1,
          7,
          null,
          null
        ]
      },
      "/home/nanarama/repos/odin-facebook/app/models/notification.rb": {
        "lines": [
          1,
          1,
          null,
          1,
          1,
          1,
          null,
          1,
          null,
          54,
          null,
          1,
          7,
          null,
          null,
          1,
          7,
          null,
          null,
          1,
          7,
          7,
          null,
          null
        ]
      },
      "/home/nanarama/repos/odin-facebook/app/models/profile.rb": {
        "lines": [
          1,
          1,
          null,
          1,
          null
        ]
      },
      "/home/nanarama/repos/odin-facebook/app/models/reaction.rb": {
        "lines": [
          1,
          1,
          1,
          1,
          null,
          1,
          null,
          1,
          2,
          null,
          null,
          1,
          2,
          1,
          1,
          1,
          null,
          null,
          null
        ]
      },
      "/home/nanarama/repos/odin-facebook/app/queries/users_query.rb": {
        "lines": [
          1,
          1,
          null,
          1,
          10,
          null,
          10,
          null,
          null,
          null,
          1,
          null,
          1,
          10,
          null,
          null,
          1,
          10,
          10,
          null,
          null,
          null,
          0,
          null,
          null,
          null,
          null,
          null,
          null,
          null
        ]
      },
      "/home/nanarama/repos/odin-facebook/app/queries/friendships_query.rb": {
        "lines": [
          1,
          1,
          null,
          1,
          87,
          null,
          null,
          null,
          null,
          1,
          null,
          1,
          174,
          null,
          null
        ]
      },
      "/home/nanarama/repos/odin-facebook/app/controllers/users_controller.rb": {
        "lines": [
          1,
          1,
          7,
          null,
          null,
          1,
          4,
          4,
          4,
          4,
          4,
          null,
          null,
          1,
          5,
          5,
          null,
          null
        ]
      },
      "/home/nanarama/repos/odin-facebook/app/controllers/application_controller.rb": {
        "lines": [
          1,
          1,
          1,
          null,
          1,
          null,
          1,
          8,
          8,
          8,
          8,
          null,
          null,
          1,
          null,
          1,
          1,
          null,
          null
        ]
      },
      "/home/nanarama/repos/odin-facebook/app/controllers/posts_controller.rb": {
        "lines": [
          1,
          1,
          null,
          1,
          36,
          2,
          null,
          34,
          null,
          36,
          2,
          null,
          34,
          null,
          null,
          null,
          1,
          1,
          1,
          null,
          null,
          1,
          24,
          null,
          null,
          1,
          3,
          null,
          3,
          2,
          2,
          2,
          null,
          null,
          1,
          null,
          null,
          null,
          1,
          1,
          1,
          null,
          1,
          1,
          1,
          null,
          null,
          null,
          1,
          null,
          1,
          3,
          null,
          null,
          1,
          36,
          null,
          null
        ]
      },
      "/home/nanarama/repos/odin-facebook/app/controllers/comments_controller.rb": {
        "lines": [
          1,
          1,
          1,
          null,
          1,
          5,
          null,
          null,
          1,
          5,
          5,
          5,
          4,
          4,
          4,
          4,
          null,
          null,
          1,
          null,
          null,
          null,
          1,
          1,
          1,
          null,
          1,
          1,
          1,
          null,
          null,
          null,
          1,
          null,
          1,
          11,
          null,
          null,
          1,
          5,
          null,
          1,
          null,
          null,
          1,
          4,
          4,
          null,
          4,
          null,
          null,
          1,
          5,
          null,
          null
        ]
      },
      "/home/nanarama/repos/odin-facebook/app/controllers/friendships_controller.rb": {
        "lines": [
          1,
          null,
          1,
          1,
          1,
          null,
          1,
          null,
          1,
          1,
          1,
          null,
          0,
          0,
          null,
          null,
          null,
          1,
          1,
          1,
          1,
          1,
          1,
          null,
          null,
          1,
          1,
          1,
          1,
          1,
          null,
          1,
          1,
          1,
          null,
          null,
          1,
          null,
          1,
          1,
          null,
          null,
          1,
          2,
          2,
          null,
          null,
          1,
          1,
          null,
          null
        ]
      },
      "/home/nanarama/repos/odin-facebook/app/controllers/notifications_controller.rb": {
        "lines": [
          1,
          1,
          2,
          2,
          null,
          2,
          2,
          2,
          null,
          null,
          null,
          1,
          1,
          1,
          null,
          null
        ]
      },
      "/home/nanarama/repos/odin-facebook/app/controllers/profiles_controller.rb": {
        "lines": [
          1,
          1,
          null,
          1,
          1,
          null,
          1,
          1,
          1,
          null,
          null,
          null,
          1,
          null,
          1,
          1,
          1,
          1,
          2,
          null,
          null,
          null,
          null,
          1,
          null,
          1,
          2,
          null,
          null,
          1,
          2,
          null,
          null
        ]
      },
      "/home/nanarama/repos/odin-facebook/app/controllers/reactions_controller.rb": {
        "lines": [
          1,
          1,
          1,
          null,
          1,
          7,
          7,
          null,
          7,
          7,
          7,
          14,
          7,
          null,
          null,
          0,
          0,
          null,
          null,
          null,
          1,
          2,
          null,
          2,
          4,
          2,
          null,
          null,
          null,
          1,
          null,
          1,
          1,
          null,
          null,
          1,
          2,
          null,
          null,
          1,
          7,
          null,
          7,
          null,
          null,
          1,
          7,
          null,
          null
        ]
      },
      "/home/nanarama/repos/odin-facebook/app/controllers/users/omniauth_callbacks_controller.rb": {
        "lines": [
          1,
          null,
          null,
          1,
          null,
          1,
          null,
          1,
          1,
          1,
          null,
          0,
          0,
          null,
          null,
          null,
          1,
          0,
          null,
          null
        ]
      },
      "/home/nanarama/repos/odin-facebook/app/channels/application_cable/channel.rb": {
        "lines": [
          0,
          0,
          0,
          0
        ],
        "branches": {
        }
      },
      "/home/nanarama/repos/odin-facebook/app/channels/application_cable/connection.rb": {
        "lines": [
          0,
          0,
          0,
          0
        ],
        "branches": {
        }
      },
      "/home/nanarama/repos/odin-facebook/app/jobs/application_job.rb": {
        "lines": [
          0,
          null,
          null,
          null,
          null,
          null,
          0
        ],
        "branches": {
        }
      }
    },
    "timestamp": 1679693590
  }
}
